# JRE version: OpenJDK Runtime Environment (11.0.10) (build 11.0.10+0-b96-7249189)
# Java VM: OpenJDK 64-Bit Server VM (11.0.10+0-b96-7249189, mixed mode, tiered, compressed oops, g1 gc, windows-amd64)
Heap:
 garbage-first heap   total 76800K, used 39230K [0x00000000c2a00000, 0x0000000100000000)
  region size 1024K, 22 young (22528K), 4 survivors (4096K)
 Metaspace       used 44363K, capacity 44841K, committed 45184K, reserved 1089536K
  class space    used 5241K, capacity 5441K, committed 5504K, reserved 1048576K
GC Heap History (16 events):
Event: 0.805 GC heap before
{Heap before GC invocations=0 (full 0):
 garbage-first heap   total 63488K, used 9216K [0x00000000c2a00000, 0x0000000100000000)
  region size 1024K, 7 young (7168K), 0 survivors (0K)
 Metaspace       used 7024K, capacity 7119K, committed 7296K, reserved 1056768K
  class space    used 600K, capacity 628K, committed 640K, reserved 1048576K
}
Event: 0.809 GC heap after
{Heap after GC invocations=1 (full 0):
 garbage-first heap   total 63488K, used 5007K [0x00000000c2a00000, 0x0000000100000000)
  region size 1024K, 1 young (1024K), 1 survivors (1024K)
 Metaspace       used 7024K, capacity 7119K, committed 7296K, reserved 1056768K
  class space    used 600K, capacity 628K, committed 640K, reserved 1048576K
}
Event: 1.640 GC heap before
{Heap before GC invocations=1 (full 0):
 garbage-first heap   total 63488K, used 24463K [0x00000000c2a00000, 0x0000000100000000)
  region size 1024K, 19 young (19456K), 1 survivors (1024K)
 Metaspace       used 12510K, capacity 12632K, committed 12800K, reserved 1060864K
  class space    used 1177K, capacity 1207K, committed 1280K, reserved 1048576K
}
Event: 1.646 GC heap after
{Heap after GC invocations=2 (full 0):
 garbage-first heap   total 63488K, used 5756K [0x00000000c2a00000, 0x0000000100000000)
  region size 1024K, 2 young (2048K), 2 survivors (2048K)
 Metaspace       used 12510K, capacity 12632K, committed 12800K, reserved 1060864K
  class space    used 1177K, capacity 1207K, committed 1280K, reserved 1048576K
}
Event: 2.661 GC heap before
{Heap before GC invocations=2 (full 0):
 garbage-first heap   total 63488K, used 25212K [0x00000000c2a00000, 0x0000000100000000)
  region size 1024K, 21 young (21504K), 2 survivors (2048K)
 Metaspace       used 16497K, capacity 16673K, committed 16896K, reserved 1064960K
  class space    used 1614K, capacity 1688K, committed 1792K, reserved 1048576K
}
Event: 2.679 GC heap after
{Heap after GC invocations=3 (full 0):
 garbage-first heap   total 63488K, used 8268K [0x00000000c2a00000, 0x0000000100000000)
  region size 1024K, 3 young (3072K), 3 survivors (3072K)
 Metaspace       used 16497K, capacity 16673K, committed 16896K, reserved 1064960K
  class space    used 1614K, capacity 1688K, committed 1792K, reserved 1048576K
}
Event: 3.314 GC heap before
{Heap before GC invocations=3 (full 0):
 garbage-first heap   total 63488K, used 21580K [0x00000000c2a00000, 0x0000000100000000)
  region size 1024K, 17 young (17408K), 3 survivors (3072K)
 Metaspace       used 20780K, capacity 20990K, committed 21248K, reserved 1069056K
  class space    used 2199K, capacity 2280K, committed 2304K, reserved 1048576K
}
Event: 3.329 GC heap after
{Heap after GC invocations=4 (full 0):
 garbage-first heap   total 63488K, used 9272K [0x00000000c2a00000, 0x0000000100000000)
  region size 1024K, 1 young (1024K), 1 survivors (1024K)
 Metaspace       used 20780K, capacity 20990K, committed 21248K, reserved 1069056K
  class space    used 2199K, capacity 2280K, committed 2304K, reserved 1048576K
}
Event: 5.265 GC heap before
{Heap before GC invocations=5 (full 0):
 garbage-first heap   total 63488K, used 33848K [0x00000000c2a00000, 0x0000000100000000)
  region size 1024K, 23 young (23552K), 1 survivors (1024K)
 Metaspace       used 27451K, capacity 27868K, committed 28032K, reserved 1075200K
  class space    used 2965K, capacity 3138K, committed 3200K, reserved 1048576K
}
Event: 5.276 GC heap after
{Heap after GC invocations=6 (full 0):
 garbage-first heap   total 63488K, used 13839K [0x00000000c2a00000, 0x0000000100000000)
  region size 1024K, 3 young (3072K), 3 survivors (3072K)
 Metaspace       used 27451K, capacity 27868K, committed 28032K, reserved 1075200K
  class space    used 2965K, capacity 3138K, committed 3200K, reserved 1048576K
}
Event: 6.632 GC heap before
{Heap before GC invocations=6 (full 0):
 garbage-first heap   total 63488K, used 38415K [0x00000000c2a00000, 0x0000000100000000)
  region size 1024K, 26 young (26624K), 3 survivors (3072K)
 Metaspace       used 31628K, capacity 32052K, committed 32128K, reserved 1077248K
  class space    used 3952K, capacity 4150K, committed 4224K, reserved 1048576K
}
Event: 6.660 GC heap after
{Heap after GC invocations=7 (full 0):
 garbage-first heap   total 76800K, used 20469K [0x00000000c2a00000, 0x0000000100000000)
  region size 1024K, 4 young (4096K), 4 survivors (4096K)
 Metaspace       used 31628K, capacity 32052K, committed 32128K, reserved 1077248K
  class space    used 3952K, capacity 4150K, committed 4224K, reserved 1048576K
}
Event: 7.655 GC heap before
{Heap before GC invocations=7 (full 0):
 garbage-first heap   total 76800K, used 34805K [0x00000000c2a00000, 0x0000000100000000)
  region size 1024K, 19 young (19456K), 4 survivors (4096K)
 Metaspace       used 35012K, capacity 35424K, committed 35584K, reserved 1081344K
  class space    used 4317K, capacity 4506K, committed 4608K, reserved 1048576K
}
Event: 7.672 GC heap after
{Heap after GC invocations=8 (full 0):
 garbage-first heap   total 76800K, used 20083K [0x00000000c2a00000, 0x0000000100000000)
  region size 1024K, 2 young (2048K), 2 survivors (2048K)
 Metaspace       used 35012K, capacity 35424K, committed 35584K, reserved 1081344K
  class space    used 4317K, capacity 4506K, committed 4608K, reserved 1048576K
}
Event: 8.999 GC heap before
{Heap before GC invocations=9 (full 0):
 garbage-first heap   total 76800K, used 44659K [0x00000000c2a00000, 0x0000000100000000)
  region size 1024K, 27 young (27648K), 2 survivors (2048K)
 Metaspace       used 39844K, capacity 40326K, committed 40576K, reserved 1085440K
  class space    used 4764K, capacity 4964K, committed 4992K, reserved 1048576K
}
Event: 9.013 GC heap after
{Heap after GC invocations=10 (full 0):
 garbage-first heap   total 76800K, used 22846K [0x00000000c2a00000, 0x0000000100000000)
  region size 1024K, 4 young (4096K), 4 survivors (4096K)
 Metaspace       used 39844K, capacity 40326K, committed 40576K, reserved 1085440K
  class space    used 4764K, capacity 4964K, committed 4992K, reserved 1048576K
}

